<?xml version="1.0" encoding="UTF-8"?>
<testng-results total="2" passed="2" failed="0" skipped="0">
  <reporter-output>
  </reporter-output>
  <suite started-at="2020-05-31T04:41:15Z" name="Suite" finished-at="2020-05-31T04:41:27Z" duration-ms="11868">
    <groups>
    </groups>
    <test started-at="2020-05-31T04:41:15Z" name="Test" finished-at="2020-05-31T04:41:27Z" duration-ms="11868">
      <class name="com.offlineWebsiteTest.OfflineTest">
        <test-method is-config="true" signature="seUp()[pri:0, instance:com.offlineWebsiteTest.OfflineTest@74f0ea28]" started-at="2020-05-31T10:10:56Z" name="seUp" finished-at="2020-05-31T10:11:15Z" duration-ms="19780" status="PASS">
          <reporter-output>
          </reporter-output>
        </test-method> <!-- seUp -->
        <test-method signature="test01_login()[pri:0, instance:com.offlineWebsiteTest.OfflineTest@74f0ea28]" started-at="2020-05-31T10:11:15Z" name="test01_login" finished-at="2020-05-31T10:11:23Z" duration-ms="7759" status="PASS">
          <reporter-output>
          </reporter-output>
        </test-method> <!-- test01_login -->
        <test-method signature="test02_addUser()[pri:0, instance:com.offlineWebsiteTest.OfflineTest@74f0ea28]" started-at="2020-05-31T10:11:23Z" name="test02_addUser" finished-at="2020-05-31T10:11:27Z" duration-ms="4073" status="PASS">
          <reporter-output>
          </reporter-output>
        </test-method> <!-- test02_addUser -->
        <test-method is-config="true" signature="tearDown()[pri:0, instance:com.offlineWebsiteTest.OfflineTest@74f0ea28]" started-at="2020-05-31T10:11:28Z" name="tearDown" finished-at="2020-05-31T10:11:34Z" duration-ms="6507" status="PASS">
          <reporter-output>
          </reporter-output>
        </test-method> <!-- tearDown -->
      </class> <!-- com.offlineWebsiteTest.OfflineTest -->
    </test> <!-- Test -->
  </suite> <!-- Suite -->
</testng-results>
