<?xml version="1.0" encoding="UTF-8"?>
<testng-results ignored="0" total="2" passed="2" failed="0" skipped="0">
  <reporter-output>
  </reporter-output>
  <suite started-at="2020-03-14T02:34:03Z" name="Default suite" finished-at="2020-03-14T02:34:08Z" duration-ms="5216">
    <groups>
    </groups>
    <test started-at="2020-03-14T02:34:03Z" name="Default test" finished-at="2020-03-14T02:34:08Z" duration-ms="5216">
      <class name="com.offlineWebsiteTest.OfflineTest">
        <test-method is-config="true" signature="seUp()[pri:0, instance:com.offlineWebsiteTest.OfflineTest@1018bde2]" started-at="2020-03-14T02:33:56Z" name="seUp" finished-at="2020-03-14T02:34:03Z" duration-ms="7037" status="PASS">
          <reporter-output>
          </reporter-output>
        </test-method> <!-- seUp -->
        <test-method signature="test01_login()[pri:0, instance:com.offlineWebsiteTest.OfflineTest@1018bde2]" started-at="2020-03-14T02:34:03Z" name="test01_login" finished-at="2020-03-14T02:34:05Z" duration-ms="1535" status="PASS">
          <reporter-output>
          </reporter-output>
        </test-method> <!-- test01_login -->
        <test-method signature="test02_addUser()[pri:0, instance:com.offlineWebsiteTest.OfflineTest@1018bde2]" started-at="2020-03-14T02:34:05Z" name="test02_addUser" finished-at="2020-03-14T02:34:08Z" duration-ms="3609" status="PASS">
          <reporter-output>
          </reporter-output>
        </test-method> <!-- test02_addUser -->
        <test-method is-config="true" signature="tearDown()[pri:0, instance:com.offlineWebsiteTest.OfflineTest@1018bde2]" started-at="2020-03-14T02:34:08Z" name="tearDown" finished-at="2020-03-14T02:34:09Z" duration-ms="945" status="PASS">
          <reporter-output>
          </reporter-output>
        </test-method> <!-- tearDown -->
      </class> <!-- com.offlineWebsiteTest.OfflineTest -->
    </test> <!-- Default test -->
  </suite> <!-- Default suite -->
</testng-results>
